2023-04-14T19:33:33.880+0530  ERROR C:\Users\HP\Desktop\new cns-portal\CNS-Portal-gaurav0704\backend\Users\Gaurav Kumar\Desktop\REAL_IT -NEW\CNS-Portal-ashwini3011\backend\cns-portal\code-extractor\extracted-files\Abc_1665647440047_back_1677216419376\AbcService.java (The system cannot find the path specified)
2023-04-14T19:33:49.382+0530  ERROR C:\Users\HP\Desktop\new cns-portal\CNS-Portal-gaurav0704\backend\Users\Gaurav Kumar\Desktop\REAL_IT -NEW\CNS-Portal-ashwini3011\backend\cns-portal\code-extractor\extracted-files\Abc_1665647440047_back_1677216419376\AbcService.java (The system cannot find the path specified)
2023-04-19T18:46:30.581+0530  ERROR Login Failed Bad credentials
2023-04-26T13:07:06.054+0530  ERROR C:\Users\HP\Desktop\new cns-portal\CNS-Portal\backend\data\cns-portal\code-extractor\extracted-files\Sr_impact2_tfront_1682486950007\Sr_impact2_t.component.html (The system cannot find the path specified)
2023-04-26T13:07:37.220+0530  ERROR C:\Users\HP\Desktop\new cns-portal\CNS-Portal\backend\data\cns-portal\code-extractor\extracted-files\Sr_impact2_tfront_1682486950007\Sr_impact2_t.component.html (The system cannot find the path specified)
2023-04-26T13:11:48.293+0530  ERROR C:\Users\HP\Desktop\new cns-portal\CNS-Portal\backend\data\cns-portal\code-extractor\extracted-files\Sr_impact2_tfront_1682486950007\Sr_impact2_t.component.html (The system cannot find the path specified)
2023-04-26T13:38:46.982+0530  ERROR C:\Users\HP\Desktop\new cns-portal\CNS-Portal\backend\data\cns-portal\code-extractor\extracted-files\Sr_impact2_tfront_1682482897218\Sr_impact2_t.component.html (The system cannot find the path specified)
2023-04-26T13:39:13.812+0530  ERROR C:\Users\HP\Desktop\new cns-portal\CNS-Portal\backend\data\cns-portal\code-extractor\extracted-files\Sr_impact2_tfront_1682482897218\Sr_impact2_t.component.html (The system cannot find the path specified)
2023-04-26T13:51:03.667+0530  ERROR C:\Users\HP\Desktop\new cns-portal\CNS-Portal\backend\data\cns-portal\code-extractor\extracted-files\Sr_impact2_tfront_1682486950007\Sr_impact2_t.component.html (The system cannot find the path specified)
2023-04-26T13:51:30.572+0530  ERROR C:\Users\HP\Desktop\new cns-portal\CNS-Portal\backend\data\cns-portal\code-extractor\extracted-files\Sr_impact2_tfront_1682486950007\Sr_impact2_t.component.html (The system cannot find the path specified)
2023-04-26T13:54:02.211+0530  ERROR C:\Users\HP\Desktop\new cns-portal\CNS-Portal\backend\data\cns-portal\code-extractor\extracted-files\Sr_impact2_tfront_1682486950007\Sr_impact2_t.component.html (The system cannot find the path specified)
2023-04-26T13:55:38.884+0530  ERROR C:\Users\HP\Desktop\new cns-portal\CNS-Portal\backend\data\cns-portal\code-extractor\extracted-files\Sr_impact2_tfront_1682486950007\Sr_impact2_t.component.html (The system cannot find the path specified)
2023-04-26T13:56:45.440+0530  ERROR C:\Users\HP\Desktop\new cns-portal\CNS-Portal\backend\data\cns-portal\code-extractor\extracted-files\Sr_impact2_tfront_1682486950007\Sr_impact2_t.component.html (The system cannot find the path specified)
2023-04-26T13:58:04.091+0530  ERROR C:\Users\HP\Desktop\new cns-portal\CNS-Portal\backend\data\cns-portal\code-extractor\extracted-files\Sr_impact2_tfront_1682486950007\Sr_impact2_t.component.html (The system cannot find the path specified)
2023-04-26T13:59:41.750+0530  ERROR C:\Users\HP\Desktop\new cns-portal\CNS-Portal\backend\data\cns-portal\code-extractor\extracted-files\Sr_impact2_tfront_1682486950007\Sr_impact2_t.component.html (The system cannot find the path specified)
2023-04-26T14:00:48.289+0530  ERROR C:\Users\HP\Desktop\new cns-portal\CNS-Portal\backend\data\cns-portal\code-extractor\extracted-files\Sr_impact2_tfront_1682486950007\Sr_impact2_t.component.html (The system cannot find the path specified)
2023-04-26T14:12:35.604+0530  ERROR C:\Users\HP\Desktop\new cns-portal\CNS-Portal\backend\data\cns-portal\code-extractor\extracted-files\Sr_impact2_tfront_1682486950007\Sr_impact2_t.component.html (The system cannot find the path specified)
2023-04-26T14:14:26.021+0530  ERROR C:\Users\HP\Desktop\new cns-portal\CNS-Portal\backend\data\cns-portal\code-extractor\extracted-files\Sr_impact2_tfront_1682486950007\Sr_impact2_t.component.html (The system cannot find the path specified)
2023-04-26T14:18:36.236+0530  ERROR C:\Users\HP\Desktop\new cns-portal\CNS-Portal\backend\data\cns-portal\code-extractor\extracted-files\Sr_impact2_tfront_1682486950007\Sr_impact2_t.component.html (The system cannot find the path specified)
2023-04-26T14:19:18.808+0530  ERROR C:\Users\HP\Desktop\new cns-portal\CNS-Portal\backend\data\cns-portal\code-extractor\extracted-files\Sr_impact2_tfront_1682486950007\Sr_impact2_t.component.html (The system cannot find the path specified)
2023-04-26T14:20:01.072+0530  ERROR C:\Users\HP\Desktop\new cns-portal\CNS-Portal\backend\data\cns-portal\code-extractor\extracted-files\Sr_impact2_tfront_1682486950007\Sr_impact2_t.component.html (The system cannot find the path specified)
2023-04-26T14:23:48.088+0530  ERROR C:\Users\HP\Desktop\new cns-portal\CNS-Portal\backend\data\cns-portal\code-extractor\extracted-files\Sr_impact2_tfront_1682486950007\Sr_impact2_t.component.html (The system cannot find the path specified)
2023-04-26T14:24:05.354+0530  ERROR C:\Users\HP\Desktop\new cns-portal\CNS-Portal\backend\data\cns-portal\code-extractor\extracted-files\Sr_impact2_tfront_1682486950007\Sr_impact2_t.component.html (The system cannot find the path specified)
2023-04-26T14:25:17.302+0530  ERROR C:\Users\HP\Desktop\new cns-portal\CNS-Portal\backend\data\cns-portal\code-extractor\extracted-files\Sr_impact2_tfront_1682486950007\Sr_impact2_t.component.html (The system cannot find the path specified)
2023-04-26T14:27:13.504+0530  ERROR C:\Users\HP\Desktop\new cns-portal\CNS-Portal\backend\data\cns-portal\code-extractor\extracted-files\Sr_impact2_tfront_1682486950007\Sr_impact2_t.component.html (The system cannot find the path specified)
2023-04-26T14:27:19.925+0530  ERROR C:\Users\HP\Desktop\new cns-portal\CNS-Portal\backend\data\cns-portal\code-extractor\extracted-files\Sr_impact2_tfront_1682486950007\Sr_impact2_t.component.html (The system cannot find the path specified)
2023-04-26T14:28:11.914+0530  ERROR C:\Users\HP\Desktop\new cns-portal\CNS-Portal\backend\data\cns-portal\code-extractor\extracted-files\Sr_impact2_tfront_1682486950007\Sr_impact2_t.component.html (The system cannot find the path specified)
2023-04-26T14:28:27.381+0530  ERROR C:\Users\HP\Desktop\new cns-portal\CNS-Portal\backend\data\cns-portal\code-extractor\extracted-files\Sr_impact2_tfront_1682486950007\Sr_impact2_t.component.html (The system cannot find the path specified)
2023-04-26T14:29:53.803+0530  ERROR C:\Users\HP\Desktop\new cns-portal\CNS-Portal\backend\data\cns-portal\code-extractor\extracted-files\Sr_impact2_tfront_1682486950007\Sr_impact2_t.component.html (The system cannot find the path specified)
2023-04-26T15:25:08.575+0530  ERROR C:\Users\HP\Desktop\new cns-portal\CNS-Portal\backend\data\cns-portal\code-extractor\extracted-files\Sr_impact2_tfront_1682486950007\Sr_impact2_t.component.html (The system cannot find the path specified)
2023-04-26T15:25:19.272+0530  ERROR C:\Users\HP\Desktop\new cns-portal\CNS-Portal\backend\data\cns-portal\code-extractor\extracted-files\Sr_impact2_tfront_1682486950007\Sr_impact2_t.component.html (The system cannot find the path specified)
2023-04-26T15:29:32.225+0530  ERROR C:\Users\HP\Desktop\new cns-portal\CNS-Portal\backend\data\cns-portal\code-extractor\extracted-files\Sr_impact2_tfront_1682486950007\Sr_impact2_t.component.html (The system cannot find the path specified)
2023-04-26T15:31:54.875+0530  ERROR C:\Users\HP\Desktop\new cns-portal\CNS-Portal\backend\data\cns-portal\code-extractor\extracted-files\Sr_impact2_tfront_1682486950007\Sr_impact2_t.component.html (The system cannot find the path specified)
2023-04-26T15:35:25.101+0530  ERROR C:\Users\HP\Desktop\new cns-portal\CNS-Portal\backend\data\cns-portal\code-extractor\extracted-files\Sr_impact2_tfront_1682486950007\Sr_impact2_t.component.html (The system cannot find the path specified)
2023-04-26T15:38:42.071+0530  ERROR C:\Users\HP\Desktop\new cns-portal\CNS-Portal\backend\data\cns-portal\code-extractor\extracted-files\Sr_impact2_tfront_1682486950007\Sr_impact2_t.component.html (The system cannot find the path specified)
2023-04-26T15:43:23.728+0530  ERROR C:\Users\HP\Desktop\new cns-portal\CNS-Portal\backend\data\cns-portal\code-extractor\extracted-files\Sr_impact2_tfront_1682486950007\Sr_impact2_t.component.html (The system cannot find the path specified)
2023-04-26T15:45:43.743+0530  ERROR C:\Users\HP\Desktop\new cns-portal\CNS-Portal\backend\data\cns-portal\code-extractor\extracted-files\Sr_impact2_tfront_1682486950007\Sr_impact2_t.component.html (The system cannot find the path specified)
2023-04-26T16:56:30.160+0530  ERROR C:\Users\HP\Desktop\new cns-portal\CNS-Portal\backend\data\cns-portal\code-extractor\extracted-files\Sr_impact2_tfront_1682486950007\Sr_impact2_t.component.html (The system cannot find the path specified)
2023-04-26T17:05:32.322+0530  ERROR C:\Users\HP\Desktop\new cns-portal\CNS-Portal\backend\data\cns-portal\code-extractor\extracted-files\Sr_impact2_tfront_1682486950007\Sr_impact2_t.component.html (The system cannot find the path specified)
2023-04-26T17:07:39.418+0530  ERROR C:\Users\HP\Desktop\new cns-portal\CNS-Portal\backend\data\cns-portal\code-extractor\extracted-files\Sr_impact2_tfront_1682486950007\static_code\SE_Sr_impact2_t.component.html (The system cannot find the path specified)
2023-04-26T17:14:33.012+0530  ERROR C:\Users\HP\Desktop\new cns-portal\CNS-Portal\backend\data\cns-portal\code-extractor\extracted-files\Gaurav_testing_tfront_1682509346199\static_code\SE_Gaurav_testing_t.component.scss (The system cannot find the path specified)
2023-04-26T17:14:38.805+0530  ERROR C:\Users\HP\Desktop\new cns-portal\CNS-Portal\backend\data\cns-portal\code-extractor\extracted-files\Gaurav_testing_tfront_1682509346199\static_code\SE_Gaurav_testing_t.component.html (The system cannot find the path specified)
2023-04-26T17:16:23.374+0530  ERROR C:\Users\HP\Desktop\new cns-portal\CNS-Portal\backend\data\cns-portal\code-extractor\extracted-files\Gaurav_testing_tfront_1682509346199\static_code\SE_Gaurav_testing_t.service.ts (The system cannot find the path specified)
2023-04-26T17:17:37.707+0530  ERROR C:\Users\HP\Desktop\new cns-portal\CNS-Portal\backend\data\cns-portal\code-extractor\extracted-files\Gaurav_testing_tfront_1682509346199\static_code\SE_Gaurav_testing_t.service.ts (The system cannot find the path specified)
2023-04-26T17:22:39.871+0530  ERROR C:\Users\HP\Desktop\new cns-portal\CNS-Portal\backend\data\cns-portal\code-extractor\extracted-files\Gaurav_testing_tfront_1682509346199\static_code\SE_Gaurav_testing_t.component.scss (The system cannot find the path specified)
2023-04-26T17:24:46.863+0530  ERROR C:\Users\HP\Desktop\new cns-portal\CNS-Portal\backend\data\cns-portal\code-extractor\extracted-files\Gaurav_testing_tfront_1682509346199\Gaurav_testing_t.component.css.map (The system cannot find the path specified)
2023-04-26T17:25:26.233+0530  ERROR C:\Users\HP\Desktop\new cns-portal\CNS-Portal\backend\data\cns-portal\code-extractor\extracted-files\Gaurav_testing_tfront_1682509346199\Gaurav_testing_t.component.css.map (The system cannot find the path specified)
2023-04-26T17:25:33.494+0530  ERROR C:\Users\HP\Desktop\new cns-portal\CNS-Portal\backend\data\cns-portal\code-extractor\extracted-files\Gaurav_testing_tfront_1682509346199\Gaurav_testing_t.component.css.map (The system cannot find the path specified)
2023-04-26T17:25:38.255+0530  ERROR C:\Users\HP\Desktop\new cns-portal\CNS-Portal\backend\data\cns-portal\code-extractor\extracted-files\Gaurav_testing_tfront_1682509346199\Gaurav_testing_t.component.css.map (The system cannot find the path specified)
2023-04-26T17:30:39.715+0530  ERROR C:\Users\HP\Desktop\new cns-portal\CNS-Portal\backend\Users\Gaurav Kumar\Desktop\REAL_IT -NEW\CNS-Portal-mohasin1603\backend\cns-portal\code-extractor\extracted-files\Sr_impact2_tfront_1682483746031\Sr_impact2_t.service.ts (The system cannot find the path specified)
2023-04-26T17:31:02.675+0530  ERROR C:\Users\HP\Desktop\new cns-portal\CNS-Portal\backend\Users\Gaurav Kumar\Desktop\REAL_IT -NEW\CNS-Portal-mohasin1603\backend\cns-portal\code-extractor\extracted-files\Sr_impact2_tfront_1682483746031\Sr_impact2_t.service.ts (The system cannot find the path specified)
2023-04-26T17:31:43.040+0530  ERROR C:\Users\HP\Desktop\new cns-portal\CNS-Portal\backend\Users\Gaurav Kumar\Desktop\REAL_IT -NEW\CNS-Portal-mohasin1603\backend\cns-portal\code-extractor\extracted-files\Sr_impact2_tfront_1682483746031\Sr_impact2_t.service.ts (The system cannot find the path specified)
2023-04-26T17:32:47.316+0530  ERROR C:\Users\HP\Desktop\new cns-portal\CNS-Portal\backend\Users\Gaurav Kumar\Desktop\REAL_IT -NEW\CNS-Portal-mohasin1603\backend\cns-portal\code-extractor\extracted-files\Sr_impact2_tfront_1682483746031\Sr_impact2_t.service.ts (The system cannot find the path specified)
2023-04-26T17:32:55.990+0530  ERROR C:\Users\HP\Desktop\new cns-portal\CNS-Portal\backend\Users\Gaurav Kumar\Desktop\REAL_IT -NEW\CNS-Portal-mohasin1603\backend\cns-portal\code-extractor\extracted-files\Sr_impact2_tfront_1682483746031\Sr_impact2_t.service.ts (The system cannot find the path specified)
2023-04-26T17:34:35.886+0530  ERROR C:\Users\HP\Desktop\new cns-portal\CNS-Portal\backend\data\cns-portal\code-extractor\extracted-files\Gaurav_testing_tfront_1682509346199\Gaurav_testing_t.component.css.map (The system cannot find the path specified)
2023-04-27T09:54:07.428+0530  ERROR C:\Users\HP\Desktop\new cns-portal\CNS-Portal\backend\data\cns-portal\code-extractor\extracted-files\Abc_1665647440047_back_1677234501686\static_code\SE_AbcRepository.java (The system cannot find the path specified)
2023-04-27T13:46:11.333+0530  ERROR C:\Users\HP\Desktop\new cns-portal\CNS-Portal\backend\data\cns-portal\code-extractor\builders\Spring_Angular_form_only_header_Builder__1682574637135_1.java (The system cannot find the path specified)
2023-04-27T13:46:18.273+0530  ERROR C:\Users\HP\Desktop\new cns-portal\CNS-Portal\backend\data\cns-portal\code-extractor\builders\Spring_Angular_form_only_header_Builder__1682574637135_1.java (The system cannot find the path specified)
2023-04-27T13:48:16.722+0530  ERROR C:\Users\HP\Desktop\new cns-portal\CNS-Portal\backend\data\cns-portal\code-extractor\builders\Spring_Angular_form_only_header_Builder__1682574637135_1.java (The system cannot find the path specified)
2023-04-27T13:48:34.580+0530  ERROR C:\Users\HP\Desktop\new cns-portal\CNS-Portal\backend\data\cns-portal\code-extractor\extracted-files\Abc_1665647440047_back_1682575199517\AbcController.java (The system cannot find the path specified)
2023-04-27T13:48:49.391+0530  ERROR C:\Users\HP\Desktop\new cns-portal\CNS-Portal\backend\data\cns-portal\code-extractor\extracted-files\Sr_impact2_tfront_1682572411229\static_code\SE_Sr_impact2_t.component.ts (The system cannot find the path specified)
2023-04-28T10:39:30.709+0530  ERROR C:\Users\HP\Desktop\new cns-portal\CNS-Portal\backend\data\cns-portal\code-extractor\builders\Shital_D_form_only_header_Builder__1682613083685_1.java (The system cannot find the path specified)
2023-04-28T12:44:51.267+0530  ERROR C:\Users\HP\Desktop\new cns-portal\CNS-Portal\backend\data\cns-portal\code-extractor\builders\shital_s_form_header_line_Builder__1682584187199_1.java (The system cannot find the path specified)
2023-04-29T17:07:23.294+0530  ERROR Login Failed No value present
2023-04-29T17:07:32.182+0530  ERROR Login Failed No value present
2023-04-29T17:07:51.143+0530  ERROR Login Failed No value present
2023-04-29T17:08:06.872+0530  ERROR Login Failed No value present
2023-04-29T17:08:54.274+0530  ERROR Login Failed Bad credentials
2023-04-29T17:11:06.575+0530  ERROR Login Failed No value present
2023-05-04T13:09:34.298+0530  ERROR Login Failed Unable to acquire JDBC Connection; nested exception is org.hibernate.exception.JDBCConnectionException: Unable to acquire JDBC Connection
2023-05-04T13:09:43.448+0530  ERROR Login Failed Unable to acquire JDBC Connection; nested exception is org.hibernate.exception.JDBCConnectionException: Unable to acquire JDBC Connection
2023-05-04T13:09:45.880+0530  ERROR Login Failed Unable to acquire JDBC Connection; nested exception is org.hibernate.exception.JDBCConnectionException: Unable to acquire JDBC Connection
2023-05-04T13:33:59.062+0530  ERROR Login Failed Unable to acquire JDBC Connection; nested exception is org.hibernate.exception.JDBCConnectionException: Unable to acquire JDBC Connection
2023-05-04T13:34:04.612+0530  ERROR Login Failed Unable to acquire JDBC Connection; nested exception is org.hibernate.exception.JDBCConnectionException: Unable to acquire JDBC Connection
2023-05-06T16:12:59.221+0530  ERROR Login Failed Error creating bean with name 'entityManagerFactory' defined in class path resource [org/springframework/boot/autoconfigure/orm/jpa/HibernateJpaConfiguration.class]: Bean instantiation via factory method failed; nested exception is org.springframework.beans.BeanInstantiationException: Failed to instantiate [org.springframework.orm.jpa.LocalContainerEntityManagerFactoryBean]: Factory method 'entityManagerFactory' threw exception; nested exception is org.springframework.beans.factory.BeanCreationException: Error creating bean with name 'org.springframework.boot.autoconfigure.AutoConfigurationPackages': Initialization of bean failed; nested exception is org.springframework.beans.factory.BeanCreationException: Error creating bean with name 'org.springframework.cache.annotation.ProxyCachingConfiguration': Initialization of bean failed; nested exception is org.springframework.beans.factory.NoSuchBeanDefinitionException: No bean named 'org.springframework.context.annotation.ConfigurationClassPostProcessor.importRegistry' available
2023-05-06T18:14:54.485+0530  ERROR Login Failed Bad credentials
2023-05-06T18:25:55.302+0530  ERROR Login Failed Unable to acquire JDBC Connection; nested exception is org.hibernate.exception.GenericJDBCException: Unable to acquire JDBC Connection
2023-05-06T18:28:27.384+0530  ERROR Login Failed Bad credentials
2023-05-09T13:07:13.362+0530  ERROR Login Failed Bad credentials
2023-05-09T13:14:55.052+0530  ERROR Login Failed No value present
2023-05-10T11:18:46.564+0530  ERROR Login Failed Bad credentials
2023-05-10T16:52:28.429+0530  ERROR Login Failed Bad credentials
2023-05-10T16:52:37.538+0530  ERROR Login Failed Bad credentials
2023-05-11T09:45:29.797+0530  ERROR Login Failed No value present
2023-05-15T08:47:47.809+0530  ERROR Login Failed No value present
2023-05-15T08:49:38.254+0530  ERROR Login Failed No value present
2023-05-20T10:13:10.388+0530  ERROR Login Failed Bad credentials
